# JRE version: OpenJDK Runtime Environment Microsoft-11933218 (21.0.8+9) (build 21.0.8+9-LTS)
# Java VM: OpenJDK 64-Bit Server VM Microsoft-11933218 (21.0.8+9-LTS, mixed mode, sharing, tiered, compressed oops, compressed class ptrs, g1 gc, windows-amd64)
GC Precious Log:
 CardTable entry size: 512
 Card Set container configuration: InlinePtr #cards 4 size 8 Array Of Cards #cards 16 size 48 Howl #buckets 8 coarsen threshold 3686 Howl Bitmap #cards 512 size 80 coarsen threshold 460 Card regions per heap region 1 cards per card region 4096
 CPUs: 24 total, 24 available
 Memory: 15729M
 Large Page Support: Disabled
 NUMA Support: Disabled
 Compressed Oops: Enabled (Zero based)
 Heap Region Size: 2M
 Heap Min Capacity: 8M
 Heap Initial Capacity: 246M
 Heap Max Capacity: 3934M
 Pre-touch: Disabled
 Parallel Workers: 18
 Concurrent Workers: 5
 Concurrent Refinement Workers: 18
 Periodic GC: Disabled
Heap:
 garbage-first heap   total 251904K, used 90456K [0x000000070a200000, 0x0000000800000000)
  region size 2048K, 35 young (71680K), 7 survivors (14336K)
 Metaspace       used 21131K, committed 21504K, reserved 1114112K
  class space    used 2277K, committed 2432K, reserved 1048576K
GC Heap History (10 events):
Event: 0.442 GC heap before
{Heap before GC invocations=0 (full 0):
 garbage-first heap   total 251904K, used 30720K [0x000000070a200000, 0x0000000800000000)
  region size 2048K, 11 young (22528K), 0 survivors (0K)
 Metaspace       used 3510K, committed 3712K, reserved 1114112K
  class space    used 321K, committed 448K, reserved 1048576K
}
Event: 0.445 GC heap after
{Heap after GC invocations=1 (full 0):
 garbage-first heap   total 251904K, used 10830K [0x000000070a200000, 0x0000000800000000)
  region size 2048K, 2 young (4096K), 2 survivors (4096K)
 Metaspace       used 3510K, committed 3712K, reserved 1114112K
  class space    used 321K, committed 448K, reserved 1048576K
}
Event: 0.629 GC heap before
{Heap before GC invocations=1 (full 0):
 garbage-first heap   total 251904K, used 37454K [0x000000070a200000, 0x0000000800000000)
  region size 2048K, 15 young (30720K), 2 survivors (4096K)
 Metaspace       used 4926K, committed 5184K, reserved 1114112K
  class space    used 441K, committed 576K, reserved 1048576K
}
Event: 0.631 GC heap after
{Heap after GC invocations=2 (full 0):
 garbage-first heap   total 251904K, used 11959K [0x000000070a200000, 0x0000000800000000)
  region size 2048K, 1 young (2048K), 1 survivors (2048K)
 Metaspace       used 4926K, committed 5184K, reserved 1114112K
  class space    used 441K, committed 576K, reserved 1048576K
}
Event: 1.229 GC heap before
{Heap before GC invocations=2 (full 0):
 garbage-first heap   total 251904K, used 161463K [0x000000070a200000, 0x0000000800000000)
  region size 2048K, 73 young (149504K), 1 survivors (2048K)
 Metaspace       used 7263K, committed 7488K, reserved 1114112K
  class space    used 661K, committed 768K, reserved 1048576K
}
Event: 1.233 GC heap after
{Heap after GC invocations=3 (full 0):
 garbage-first heap   total 251904K, used 21836K [0x000000070a200000, 0x0000000800000000)
  region size 2048K, 5 young (10240K), 5 survivors (10240K)
 Metaspace       used 7263K, committed 7488K, reserved 1114112K
  class space    used 661K, committed 768K, reserved 1048576K
}
Event: 1.580 GC heap before
{Heap before GC invocations=3 (full 0):
 garbage-first heap   total 251904K, used 163148K [0x000000070a200000, 0x0000000800000000)
  region size 2048K, 73 young (149504K), 5 survivors (10240K)
 Metaspace       used 7335K, committed 7552K, reserved 1114112K
  class space    used 662K, committed 768K, reserved 1048576K
}
Event: 1.586 GC heap after
{Heap after GC invocations=4 (full 0):
 garbage-first heap   total 251904K, used 32486K [0x000000070a200000, 0x0000000800000000)
  region size 2048K, 9 young (18432K), 9 survivors (18432K)
 Metaspace       used 7335K, committed 7552K, reserved 1114112K
  class space    used 662K, committed 768K, reserved 1048576K
}
Event: 2.457 GC heap before
{Heap before GC invocations=4 (full 0):
 garbage-first heap   total 251904K, used 163558K [0x000000070a200000, 0x0000000800000000)
  region size 2048K, 73 young (149504K), 9 survivors (18432K)
 Metaspace       used 12746K, committed 12992K, reserved 1114112K
  class space    used 1315K, committed 1408K, reserved 1048576K
}
Event: 2.464 GC heap after
{Heap after GC invocations=5 (full 0):
 garbage-first heap   total 251904K, used 37208K [0x000000070a200000, 0x0000000800000000)
  region size 2048K, 7 young (14336K), 7 survivors (14336K)
 Metaspace       used 12746K, committed 12992K, reserved 1114112K
  class space    used 1315K, committed 1408K, reserved 1048576K
}

