# JRE version: OpenJDK Runtime Environment Microsoft-11933218 (21.0.8+9) (build 21.0.8+9-LTS)
# Java VM: OpenJDK 64-Bit Server VM Microsoft-11933218 (21.0.8+9-LTS, mixed mode, sharing, tiered, compressed oops, compressed class ptrs, g1 gc, windows-amd64)
GC Precious Log:
 CardTable entry size: 512
 Card Set container configuration: InlinePtr #cards 4 size 8 Array Of Cards #cards 16 size 48 Howl #buckets 8 coarsen threshold 3686 Howl Bitmap #cards 512 size 80 coarsen threshold 460 Card regions per heap region 1 cards per card region 4096
 CPUs: 24 total, 24 available
 Memory: 15729M
 Large Page Support: Disabled
 NUMA Support: Disabled
 Compressed Oops: Enabled (Zero based)
 Heap Region Size: 2M
 Heap Min Capacity: 8M
 Heap Initial Capacity: 246M
 Heap Max Capacity: 3934M
 Pre-touch: Disabled
 Parallel Workers: 18
 Concurrent Workers: 5
 Concurrent Refinement Workers: 18
 Periodic GC: Disabled
Heap:
 garbage-first heap   total 251904K, used 62614K [0x000000070a200000, 0x0000000800000000)
  region size 2048K, 19 young (38912K), 7 survivors (14336K)
 Metaspace       used 21135K, committed 21504K, reserved 1114112K
  class space    used 2277K, committed 2432K, reserved 1048576K
GC Heap History (10 events):
Event: 0.364 GC heap before
{Heap before GC invocations=0 (full 0):
 garbage-first heap   total 251904K, used 28672K [0x000000070a200000, 0x0000000800000000)
  region size 2048K, 11 young (22528K), 0 survivors (0K)
 Metaspace       used 4637K, committed 4864K, reserved 1114112K
  class space    used 417K, committed 576K, reserved 1048576K
}
Event: 0.366 GC heap after
{Heap after GC invocations=1 (full 0):
 garbage-first heap   total 251904K, used 11863K [0x000000070a200000, 0x0000000800000000)
  region size 2048K, 2 young (4096K), 2 survivors (4096K)
 Metaspace       used 4637K, committed 4864K, reserved 1114112K
  class space    used 417K, committed 576K, reserved 1048576K
}
Event: 0.514 GC heap before
{Heap before GC invocations=1 (full 0):
 garbage-first heap   total 251904K, used 36439K [0x000000070a200000, 0x0000000800000000)
  region size 2048K, 14 young (28672K), 2 survivors (4096K)
 Metaspace       used 6148K, committed 6400K, reserved 1114112K
  class space    used 563K, committed 704K, reserved 1048576K
}
Event: 0.516 GC heap after
{Heap after GC invocations=2 (full 0):
 garbage-first heap   total 251904K, used 14356K [0x000000070a200000, 0x0000000800000000)
  region size 2048K, 2 young (4096K), 2 survivors (4096K)
 Metaspace       used 6148K, committed 6400K, reserved 1114112K
  class space    used 563K, committed 704K, reserved 1048576K
}
Event: 0.865 GC heap before
{Heap before GC invocations=2 (full 0):
 garbage-first heap   total 251904K, used 161812K [0x000000070a200000, 0x0000000800000000)
  region size 2048K, 73 young (149504K), 2 survivors (4096K)
 Metaspace       used 7256K, committed 7488K, reserved 1114112K
  class space    used 658K, committed 768K, reserved 1048576K
}
Event: 0.868 GC heap after
{Heap after GC invocations=3 (full 0):
 garbage-first heap   total 251904K, used 23828K [0x000000070a200000, 0x0000000800000000)
  region size 2048K, 5 young (10240K), 5 survivors (10240K)
 Metaspace       used 7256K, committed 7488K, reserved 1114112K
  class space    used 658K, committed 768K, reserved 1048576K
}
Event: 1.033 GC heap before
{Heap before GC invocations=3 (full 0):
 garbage-first heap   total 251904K, used 165140K [0x000000070a200000, 0x0000000800000000)
  region size 2048K, 73 young (149504K), 5 survivors (10240K)
 Metaspace       used 7291K, committed 7488K, reserved 1114112K
  class space    used 660K, committed 768K, reserved 1048576K
}
Event: 1.037 GC heap after
{Heap after GC invocations=4 (full 0):
 garbage-first heap   total 251904K, used 32828K [0x000000070a200000, 0x0000000800000000)
  region size 2048K, 9 young (18432K), 9 survivors (18432K)
 Metaspace       used 7291K, committed 7488K, reserved 1114112K
  class space    used 660K, committed 768K, reserved 1048576K
}
Event: 2.193 GC heap before
{Heap before GC invocations=4 (full 0):
 garbage-first heap   total 251904K, used 163900K [0x000000070a200000, 0x0000000800000000)
  region size 2048K, 73 young (149504K), 9 survivors (18432K)
 Metaspace       used 18272K, committed 18624K, reserved 1114112K
  class space    used 1902K, committed 2048K, reserved 1048576K
}
Event: 2.198 GC heap after
{Heap after GC invocations=5 (full 0):
 garbage-first heap   total 251904K, used 40086K [0x000000070a200000, 0x0000000800000000)
  region size 2048K, 7 young (14336K), 7 survivors (14336K)
 Metaspace       used 18272K, committed 18624K, reserved 1114112K
  class space    used 1902K, committed 2048K, reserved 1048576K
}

