# JRE version: OpenJDK Runtime Environment Microsoft-11933218 (21.0.8+9) (build 21.0.8+9-LTS)
# Java VM: OpenJDK 64-Bit Server VM Microsoft-11933218 (21.0.8+9-LTS, mixed mode, sharing, tiered, compressed oops, compressed class ptrs, g1 gc, windows-amd64)
GC Precious Log:
 CardTable entry size: 512
 Card Set container configuration: InlinePtr #cards 4 size 8 Array Of Cards #cards 16 size 48 Howl #buckets 8 coarsen threshold 3686 Howl Bitmap #cards 512 size 80 coarsen threshold 460 Card regions per heap region 1 cards per card region 4096
 CPUs: 24 total, 24 available
 Memory: 15729M
 Large Page Support: Disabled
 NUMA Support: Disabled
 Compressed Oops: Enabled (Zero based)
 Heap Region Size: 2M
 Heap Min Capacity: 8M
 Heap Initial Capacity: 246M
 Heap Max Capacity: 3934M
 Pre-touch: Disabled
 Parallel Workers: 18
 Concurrent Workers: 5
 Concurrent Refinement Workers: 18
 Periodic GC: Disabled
Heap:
 garbage-first heap   total 251904K, used 79984K [0x000000070a200000, 0x0000000800000000)
  region size 2048K, 30 young (61440K), 7 survivors (14336K)
 Metaspace       used 21125K, committed 21504K, reserved 1114112K
  class space    used 2275K, committed 2432K, reserved 1048576K
GC Heap History (10 events):
Event: 0.531 GC heap before
{Heap before GC invocations=0 (full 0):
 garbage-first heap   total 251904K, used 28672K [0x000000070a200000, 0x0000000800000000)
  region size 2048K, 11 young (22528K), 0 survivors (0K)
 Metaspace       used 4513K, committed 4800K, reserved 1114112K
  class space    used 415K, committed 576K, reserved 1048576K
}
Event: 0.534 GC heap after
{Heap after GC invocations=1 (full 0):
 garbage-first heap   total 251904K, used 11502K [0x000000070a200000, 0x0000000800000000)
  region size 2048K, 2 young (4096K), 2 survivors (4096K)
 Metaspace       used 4513K, committed 4800K, reserved 1114112K
  class space    used 415K, committed 576K, reserved 1048576K
}
Event: 0.699 GC heap before
{Heap before GC invocations=1 (full 0):
 garbage-first heap   total 251904K, used 34030K [0x000000070a200000, 0x0000000800000000)
  region size 2048K, 14 young (28672K), 2 survivors (4096K)
 Metaspace       used 6245K, committed 6464K, reserved 1114112K
  class space    used 573K, committed 704K, reserved 1048576K
}
Event: 0.701 GC heap after
{Heap after GC invocations=2 (full 0):
 garbage-first heap   total 251904K, used 14008K [0x000000070a200000, 0x0000000800000000)
  region size 2048K, 2 young (4096K), 2 survivors (4096K)
 Metaspace       used 6245K, committed 6464K, reserved 1114112K
  class space    used 573K, committed 704K, reserved 1048576K
}
Event: 0.989 GC heap before
{Heap before GC invocations=2 (full 0):
 garbage-first heap   total 251904K, used 138936K [0x000000070a200000, 0x0000000800000000)
  region size 2048K, 62 young (126976K), 2 survivors (4096K)
 Metaspace       used 7160K, committed 7424K, reserved 1114112K
  class space    used 646K, committed 768K, reserved 1048576K
}
Event: 0.992 GC heap after
{Heap after GC invocations=3 (full 0):
 garbage-first heap   total 251904K, used 22258K [0x000000070a200000, 0x0000000800000000)
  region size 2048K, 5 young (10240K), 5 survivors (10240K)
 Metaspace       used 7160K, committed 7424K, reserved 1114112K
  class space    used 646K, committed 768K, reserved 1048576K
}
Event: 1.252 GC heap before
{Heap before GC invocations=3 (full 0):
 garbage-first heap   total 251904K, used 163570K [0x000000070a200000, 0x0000000800000000)
  region size 2048K, 73 young (149504K), 5 survivors (10240K)
 Metaspace       used 7285K, committed 7488K, reserved 1114112K
  class space    used 658K, committed 768K, reserved 1048576K
}
Event: 1.256 GC heap after
{Heap after GC invocations=4 (full 0):
 garbage-first heap   total 251904K, used 32768K [0x000000070a200000, 0x0000000800000000)
  region size 2048K, 9 young (18432K), 9 survivors (18432K)
 Metaspace       used 7285K, committed 7488K, reserved 1114112K
  class space    used 658K, committed 768K, reserved 1048576K
}
Event: 2.133 GC heap before
{Heap before GC invocations=4 (full 0):
 garbage-first heap   total 251904K, used 163840K [0x000000070a200000, 0x0000000800000000)
  region size 2048K, 73 young (149504K), 9 survivors (18432K)
 Metaspace       used 12704K, committed 12928K, reserved 1114112K
  class space    used 1311K, committed 1408K, reserved 1048576K
}
Event: 2.139 GC heap after
{Heap after GC invocations=5 (full 0):
 garbage-first heap   total 251904K, used 36976K [0x000000070a200000, 0x0000000800000000)
  region size 2048K, 7 young (14336K), 7 survivors (14336K)
 Metaspace       used 12704K, committed 12928K, reserved 1114112K
  class space    used 1311K, committed 1408K, reserved 1048576K
}

